# JRE version: OpenJDK Runtime Environment (11.0.4+10) (build 11.0.4+10-b304.69)
# Java VM: OpenJDK 64-Bit Server VM (11.0.4+10-b304.69, mixed mode, sharing, tiered, compressed oops, g1 gc, windows-amd64)
Heap:
 garbage-first heap   total 312320K, used 100620K [0x0000000702000000, 0x0000000800000000)
  region size 1024K, 78 young (79872K), 15 survivors (15360K)
 Metaspace       used 65273K, capacity 66717K, committed 66892K, reserved 1107968K
  class space    used 8204K, capacity 8763K, committed 8780K, reserved 1048576K
GC Heap History (10 events):
Event: 4.196 GC heap before
{Heap before GC invocations=5 (full 0):
 garbage-first heap   total 260096K, used 130041K [0x0000000702000000, 0x0000000800000000)
  region size 1024K, 118 young (120832K), 9 survivors (9216K)
 Metaspace       used 34881K, capacity 35737K, committed 35840K, reserved 1081344K
  class space    used 4332K, capacity 4695K, committed 4736K, reserved 1048576K
}
Event: 4.208 GC heap after
{Heap after GC invocations=6 (full 0):
 garbage-first heap   total 260096K, used 25012K [0x0000000702000000, 0x0000000800000000)
  region size 1024K, 15 young (15360K), 15 survivors (15360K)
 Metaspace       used 34881K, capacity 35737K, committed 35840K, reserved 1081344K
  class space    used 4332K, capacity 4695K, committed 4736K, reserved 1048576K
}
Event: 4.493 GC heap before
{Heap before GC invocations=7 (full 0):
 garbage-first heap   total 260096K, used 162228K [0x0000000702000000, 0x0000000800000000)
  region size 1024K, 149 young (152576K), 15 survivors (15360K)
 Metaspace       used 37490K, capacity 38428K, committed 38528K, reserved 1083392K
  class space    used 4599K, capacity 4965K, committed 4992K, reserved 1048576K
}
Event: 4.500 GC heap after
{Heap after GC invocations=8 (full 0):
 garbage-first heap   total 260096K, used 26970K [0x0000000702000000, 0x0000000800000000)
  region size 1024K, 12 young (12288K), 12 survivors (12288K)
 Metaspace       used 37490K, capacity 38428K, committed 38528K, reserved 1083392K
  class space    used 4599K, capacity 4965K, committed 4992K, reserved 1048576K
}
Event: 5.323 GC heap before
{Heap before GC invocations=8 (full 0):
 garbage-first heap   total 260096K, used 170330K [0x0000000702000000, 0x0000000800000000)
  region size 1024K, 152 young (155648K), 12 survivors (12288K)
 Metaspace       used 42808K, capacity 43874K, committed 43904K, reserved 1087488K
  class space    used 5335K, capacity 5750K, committed 5760K, reserved 1048576K
}
Event: 5.330 GC heap after
{Heap after GC invocations=9 (full 0):
 garbage-first heap   total 312320K, used 32561K [0x0000000702000000, 0x0000000800000000)
  region size 1024K, 14 young (14336K), 14 survivors (14336K)
 Metaspace       used 42808K, capacity 43874K, committed 43904K, reserved 1087488K
  class space    used 5335K, capacity 5750K, committed 5760K, reserved 1048576K
}
Event: 7.983 GC heap before
{Heap before GC invocations=9 (full 0):
 garbage-first heap   total 312320K, used 205617K [0x0000000702000000, 0x0000000800000000)
  region size 1024K, 183 young (187392K), 14 survivors (14336K)
 Metaspace       used 50432K, capacity 51742K, committed 51968K, reserved 1093632K
  class space    used 6339K, capacity 6850K, committed 6912K, reserved 1048576K
}
Event: 7.990 GC heap after
{Heap after GC invocations=10 (full 0):
 garbage-first heap   total 312320K, used 35481K [0x0000000702000000, 0x0000000800000000)
  region size 1024K, 13 young (13312K), 13 survivors (13312K)
 Metaspace       used 50432K, capacity 51742K, committed 51968K, reserved 1093632K
  class space    used 6339K, capacity 6850K, committed 6912K, reserved 1048576K
}
Event: 9.150 GC heap before
{Heap before GC invocations=10 (full 0):
 garbage-first heap   total 312320K, used 110233K [0x0000000702000000, 0x0000000800000000)
  region size 1024K, 88 young (90112K), 13 survivors (13312K)
 Metaspace       used 58747K, capacity 60107K, committed 60160K, reserved 1101824K
  class space    used 7467K, capacity 8034K, committed 8064K, reserved 1048576K
}
Event: 9.157 GC heap after
{Heap after GC invocations=11 (full 0):
 garbage-first heap   total 312320K, used 38156K [0x0000000702000000, 0x0000000800000000)
  region size 1024K, 15 young (15360K), 15 survivors (15360K)
 Metaspace       used 58747K, capacity 60107K, committed 60160K, reserved 1101824K
  class space    used 7467K, capacity 8034K, committed 8064K, reserved 1048576K
}

